<?xml version="1.0" encoding="UTF-8"?>
<robot generator="Robot 6.0.1 (Python 3.9.4 on win32)" generated="20230104 00:41:07.017" rpa="false" schemaversion="3">
<suite id="s1" name="Robot Test" source="C:\Users\natti.k\code\quali\cloudshell-api-script-samples\sandbox-rest-samples\robot-ci-samples\sandbox-api-robot-test\robot_test.robot">
<test id="s1-t1" name="Print Stuff" line="10">
<kw name="Log To Console" library="BuiltIn">
<arg>Sandbox ID: ${sandbox_id}</arg>
<doc>Logs the given message to the console.</doc>
<status status="PASS" starttime="20230104 00:41:07.044" endtime="20230104 00:41:07.045"/>
</kw>
<kw name="Log To Console" library="BuiltIn">
<arg>Resource IP: ${resource_ip}</arg>
<doc>Logs the given message to the console.</doc>
<status status="PASS" starttime="20230104 00:41:07.045" endtime="20230104 00:41:07.046"/>
</kw>
<status status="PASS" starttime="20230104 00:41:07.042" endtime="20230104 00:41:07.046"/>
</test>
<doc>An example test suite passing in some variables from command line and printing to console</doc>
<status status="PASS" starttime="20230104 00:41:07.019" endtime="20230104 00:41:07.047"/>
</suite>
<statistics>
<total>
<stat pass="1" fail="0" skip="0">All Tests</stat>
</total>
<tag>
</tag>
<suite>
<stat pass="1" fail="0" skip="0" id="s1" name="Robot Test">Robot Test</stat>
</suite>
</statistics>
<errors>
</errors>
</robot>
