<?xml version="1.0" encoding="UTF-8"?>
<robot generator="Robot 6.0.1 (Python 3.9.4 on win32)" generated="20230104 00:27:49.476" rpa="false" schemaversion="3">
<suite id="s1" name="Robot Test" source="C:\Users\natti.k\code\quali\cloudshell-api-script-samples\sandbox-rest-samples\run-robot-sample\robot_test.robot">
<test id="s1-t1" name="Print Stuff" line="10">
<kw name="Log To Console" library="BuiltIn">
<arg>${arg1}</arg>
<doc>Logs the given message to the console.</doc>
<status status="PASS" starttime="20230104 00:27:49.495" endtime="20230104 00:27:49.495"/>
</kw>
<kw name="Log To Console" library="BuiltIn">
<arg>${arg2}</arg>
<doc>Logs the given message to the console.</doc>
<status status="PASS" starttime="20230104 00:27:49.495" endtime="20230104 00:27:49.495"/>
</kw>
<kw name="Log To Console" library="BuiltIn">
<arg>${arg3}</arg>
<doc>Logs the given message to the console.</doc>
<status status="PASS" starttime="20230104 00:27:49.495" endtime="20230104 00:27:49.496"/>
</kw>
<status status="PASS" starttime="20230104 00:27:49.494" endtime="20230104 00:27:49.496"/>
</test>
<doc>An example test suite passing in some variables from command line and printing to console</doc>
<status status="PASS" starttime="20230104 00:27:49.477" endtime="20230104 00:27:49.496"/>
</suite>
<statistics>
<total>
<stat pass="1" fail="0" skip="0">All Tests</stat>
</total>
<tag>
</tag>
<suite>
<stat pass="1" fail="0" skip="0" id="s1" name="Robot Test">Robot Test</stat>
</suite>
</statistics>
<errors>
</errors>
</robot>
